<?xml version="1.0" encoding="UTF-8"?>
<coverage generated="1604396574741" clover="3.2.0">
  <project timestamp="1604396574741" name="All files">
    <metrics statements="201" coveredstatements="155" conditionals="69" coveredconditionals="55" methods="38" coveredmethods="34" elements="308" coveredelements="244" complexity="0" loc="201" ncloc="201" packages="5" files="15" classes="15"/>
    <package name="commands">
      <metrics statements="63" coveredstatements="61" conditionals="21" coveredconditionals="18" methods="12" coveredmethods="11"/>
      <file name="command.js" path="/Users/crimsondarkn/Coding Projects/Javascript/toy-robot-challenge/src/commands/command.js">
        <metrics statements="2" coveredstatements="2" conditionals="0" coveredconditionals="0" methods="2" coveredmethods="1"/>
        <line num="8" count="75" type="stmt"/>
        <line num="9" count="75" type="stmt"/>
      </file>
      <file name="move.js" path="/Users/crimsondarkn/Coding Projects/Javascript/toy-robot-challenge/src/commands/move.js">
        <metrics statements="31" coveredstatements="29" conditionals="11" coveredconditionals="9" methods="3" coveredmethods="3"/>
        <line num="13" count="37" type="stmt"/>
        <line num="14" count="37" type="stmt"/>
        <line num="18" count="37" type="stmt"/>
        <line num="19" count="37" type="stmt"/>
        <line num="30" count="37" type="stmt"/>
        <line num="31" count="37" type="stmt"/>
        <line num="34" count="37" type="stmt"/>
        <line num="35" count="37" type="stmt"/>
        <line num="36" count="37" type="stmt"/>
        <line num="39" count="37" type="cond" truecount="4" falsecount="1"/>
        <line num="40" count="0" type="stmt"/>
        <line num="41" count="0" type="stmt"/>
        <line num="45" count="37" type="stmt"/>
        <line num="46" count="37" type="stmt"/>
        <line num="47" count="37" type="stmt"/>
        <line num="50" count="37" type="cond" truecount="4" falsecount="0"/>
        <line num="52" count="11" type="stmt"/>
        <line num="53" count="11" type="stmt"/>
        <line num="55" count="1" type="stmt"/>
        <line num="56" count="1" type="stmt"/>
        <line num="58" count="13" type="stmt"/>
        <line num="59" count="13" type="stmt"/>
        <line num="61" count="12" type="stmt"/>
        <line num="62" count="12" type="stmt"/>
        <line num="66" count="37" type="cond" truecount="1" falsecount="1"/>
        <line num="68" count="37" type="stmt"/>
        <line num="69" count="37" type="stmt"/>
        <line num="70" count="37" type="stmt"/>
        <line num="72" count="37" type="stmt"/>
        <line num="73" count="37" type="stmt"/>
        <line num="74" count="37" type="stmt"/>
      </file>
      <file name="place.js" path="/Users/crimsondarkn/Coding Projects/Javascript/toy-robot-challenge/src/commands/place.js">
        <metrics statements="11" coveredstatements="11" conditionals="4" coveredconditionals="3" methods="2" coveredmethods="2"/>
        <line num="12" count="9" type="stmt"/>
        <line num="13" count="9" type="stmt"/>
        <line num="22" count="9" type="stmt"/>
        <line num="23" count="9" type="stmt"/>
        <line num="26" count="9" type="cond" truecount="3" falsecount="1"/>
        <line num="30" count="9" type="stmt"/>
        <line num="31" count="9" type="stmt"/>
        <line num="32" count="9" type="stmt"/>
        <line num="35" count="9" type="stmt"/>
        <line num="38" count="9" type="stmt"/>
        <line num="39" count="9" type="stmt"/>
      </file>
      <file name="report.js" path="/Users/crimsondarkn/Coding Projects/Javascript/toy-robot-challenge/src/commands/report.js">
        <metrics statements="4" coveredstatements="4" conditionals="0" coveredconditionals="0" methods="2" coveredmethods="2"/>
        <line num="10" count="7" type="stmt"/>
        <line num="11" count="7" type="stmt"/>
        <line num="18" count="7" type="stmt"/>
        <line num="19" count="7" type="stmt"/>
      </file>
      <file name="rotate.js" path="/Users/crimsondarkn/Coding Projects/Javascript/toy-robot-challenge/src/commands/rotate.js">
        <metrics statements="15" coveredstatements="15" conditionals="6" coveredconditionals="6" methods="3" coveredmethods="3"/>
        <line num="12" count="22" type="stmt"/>
        <line num="13" count="22" type="stmt"/>
        <line num="23" count="22" type="stmt"/>
        <line num="24" count="22" type="stmt"/>
        <line num="25" count="22" type="stmt"/>
        <line num="28" count="22" type="stmt"/>
        <line num="30" count="22" type="stmt"/>
        <line num="37" count="53" type="stmt"/>
        <line num="39" count="22" type="cond" truecount="2" falsecount="0"/>
        <line num="41" count="12" type="cond" truecount="2" falsecount="0"/>
        <line num="42" count="7" type="stmt"/>
        <line num="47" count="10" type="cond" truecount="2" falsecount="0"/>
        <line num="48" count="6" type="stmt"/>
        <line num="52" count="22" type="stmt"/>
        <line num="53" count="22" type="stmt"/>
      </file>
    </package>
    <package name="components">
      <metrics statements="85" coveredstatements="46" conditionals="28" coveredconditionals="19" methods="15" coveredmethods="13"/>
      <file name="parser.js" path="/Users/crimsondarkn/Coding Projects/Javascript/toy-robot-challenge/src/components/parser.js">
        <metrics statements="34" coveredstatements="24" conditionals="20" coveredconditionals="12" methods="5" coveredmethods="5"/>
        <line num="19" count="75" type="stmt"/>
        <line num="20" count="75" type="stmt"/>
        <line num="23" count="75" type="cond" truecount="6" falsecount="2"/>
        <line num="26" count="17" type="stmt"/>
        <line num="28" count="11" type="stmt"/>
        <line num="30" count="29" type="stmt"/>
        <line num="33" count="11" type="cond" truecount="1" falsecount="1"/>
        <line num="34" count="11" type="cond" truecount="2" falsecount="0"/>
        <line num="36" count="6" type="stmt"/>
        <line num="38" count="6" type="stmt"/>
        <line num="46" count="7" type="cond" truecount="1" falsecount="1"/>
        <line num="48" count="7" type="stmt"/>
        <line num="49" count="7" type="stmt"/>
        <line num="50" count="7" type="stmt"/>
        <line num="51" count="60" type="stmt"/>
        <line num="54" count="7" type="stmt"/>
        <line num="56" count="0" type="stmt"/>
        <line num="59" count="0" type="stmt"/>
        <line num="60" count="0" type="stmt"/>
        <line num="69" count="3" type="stmt"/>
        <line num="70" count="9" type="stmt"/>
        <line num="72" count="9" type="cond" truecount="1" falsecount="1"/>
        <line num="73" count="0" type="stmt"/>
        <line num="74" count="0" type="stmt"/>
        <line num="76" count="9" type="stmt"/>
        <line num="84" count="3" type="stmt"/>
        <line num="86" count="8" type="cond" truecount="1" falsecount="1"/>
        <line num="87" count="0" type="stmt"/>
        <line num="90" count="8" type="stmt"/>
        <line num="91" count="8" type="stmt"/>
        <line num="93" count="0" type="cond" truecount="0" falsecount="2"/>
        <line num="94" count="0" type="stmt"/>
        <line num="96" count="0" type="stmt"/>
        <line num="98" count="0" type="stmt"/>
      </file>
      <file name="robot.js" path="/Users/crimsondarkn/Coding Projects/Javascript/toy-robot-challenge/src/components/robot.js">
        <metrics statements="43" coveredstatements="16" conditionals="8" coveredconditionals="7" methods="6" coveredmethods="5"/>
        <line num="12" count="3" type="stmt"/>
        <line num="15" count="3" type="stmt"/>
        <line num="20" count="3" type="stmt"/>
        <line num="21" count="3" type="stmt"/>
        <line num="28" count="0" type="stmt"/>
        <line num="29" count="0" type="stmt"/>
        <line num="30" count="0" type="stmt"/>
        <line num="31" count="0" type="stmt"/>
        <line num="32" count="0" type="stmt"/>
        <line num="33" count="0" type="stmt"/>
        <line num="34" count="0" type="stmt"/>
        <line num="35" count="0" type="stmt"/>
        <line num="36" count="0" type="stmt"/>
        <line num="37" count="0" type="stmt"/>
        <line num="38" count="0" type="stmt"/>
        <line num="39" count="0" type="stmt"/>
        <line num="40" count="0" type="stmt"/>
        <line num="41" count="0" type="stmt"/>
        <line num="42" count="0" type="stmt"/>
        <line num="43" count="0" type="stmt"/>
        <line num="44" count="0" type="stmt"/>
        <line num="45" count="0" type="stmt"/>
        <line num="46" count="0" type="stmt"/>
        <line num="47" count="0" type="stmt"/>
        <line num="48" count="0" type="stmt"/>
        <line num="49" count="0" type="stmt"/>
        <line num="50" count="0" type="stmt"/>
        <line num="51" count="0" type="stmt"/>
        <line num="52" count="0" type="stmt"/>
        <line num="53" count="0" type="stmt"/>
        <line num="54" count="0" type="stmt"/>
        <line num="58" count="3" type="stmt"/>
        <line num="62" count="12" type="stmt"/>
        <line num="72" count="86" type="cond" truecount="2" falsecount="0"/>
        <line num="73" count="74" type="stmt"/>
        <line num="75" count="74" type="stmt"/>
        <line num="76" count="74" type="cond" truecount="1" falsecount="1"/>
        <line num="79" count="74" type="stmt"/>
        <line num="80" count="74" type="stmt"/>
        <line num="81" count="137" type="stmt"/>
        <line num="84" count="74" type="cond" truecount="4" falsecount="0"/>
        <line num="85" count="48" type="stmt"/>
        <line num="87" count="26" type="stmt"/>
      </file>
      <file name="table.js" path="/Users/crimsondarkn/Coding Projects/Javascript/toy-robot-challenge/src/components/table.js">
        <metrics statements="8" coveredstatements="6" conditionals="0" coveredconditionals="0" methods="4" coveredmethods="3"/>
        <line num="8" count="5" type="stmt"/>
        <line num="9" count="5" type="stmt"/>
        <line num="10" count="5" type="stmt"/>
        <line num="11" count="5" type="stmt"/>
        <line num="20" count="0" type="stmt"/>
        <line num="21" count="0" type="stmt"/>
        <line num="25" count="8" type="stmt"/>
        <line num="29" count="8" type="stmt"/>
      </file>
    </package>
    <package name="constants">
      <metrics statements="12" coveredstatements="12" conditionals="0" coveredconditionals="0" methods="0" coveredmethods="0"/>
      <file name="commandList.js" path="/Users/crimsondarkn/Coding Projects/Javascript/toy-robot-challenge/src/constants/commandList.js">
        <metrics statements="1" coveredstatements="1" conditionals="0" coveredconditionals="0" methods="0" coveredmethods="0"/>
        <line num="7" count="4" type="stmt"/>
      </file>
      <file name="directions.js" path="/Users/crimsondarkn/Coding Projects/Javascript/toy-robot-challenge/src/constants/directions.js">
        <metrics statements="1" coveredstatements="1" conditionals="0" coveredconditionals="0" methods="0" coveredmethods="0"/>
        <line num="5" count="4" type="stmt"/>
      </file>
      <file name="errorMessages.js" path="/Users/crimsondarkn/Coding Projects/Javascript/toy-robot-challenge/src/constants/errorMessages.js">
        <metrics statements="9" coveredstatements="9" conditionals="0" coveredconditionals="0" methods="0" coveredmethods="0"/>
        <line num="5" count="4" type="stmt"/>
        <line num="6" count="4" type="stmt"/>
        <line num="7" count="4" type="stmt"/>
        <line num="8" count="4" type="stmt"/>
        <line num="9" count="4" type="stmt"/>
        <line num="10" count="4" type="stmt"/>
        <line num="11" count="4" type="stmt"/>
        <line num="12" count="4" type="stmt"/>
        <line num="13" count="4" type="stmt"/>
      </file>
      <file name="sides.js" path="/Users/crimsondarkn/Coding Projects/Javascript/toy-robot-challenge/src/constants/sides.js">
        <metrics statements="1" coveredstatements="1" conditionals="0" coveredconditionals="0" methods="0" coveredmethods="0"/>
        <line num="5" count="4" type="stmt"/>
      </file>
    </package>
    <package name="store">
      <metrics statements="14" coveredstatements="11" conditionals="0" coveredconditionals="0" methods="6" coveredmethods="5"/>
      <file name="store.js" path="/Users/crimsondarkn/Coding Projects/Javascript/toy-robot-challenge/src/store/store.js">
        <metrics statements="1" coveredstatements="1" conditionals="0" coveredconditionals="0" methods="1" coveredmethods="1"/>
        <line num="9" count="4" type="stmt"/>
      </file>
      <file name="storeReducer.js" path="/Users/crimsondarkn/Coding Projects/Javascript/toy-robot-challenge/src/store/storeReducer.js">
        <metrics statements="13" coveredstatements="10" conditionals="0" coveredconditionals="0" methods="5" coveredmethods="4"/>
        <line num="18" count="4" type="stmt"/>
        <line num="23" count="37" type="stmt"/>
        <line num="24" count="37" type="stmt"/>
        <line num="27" count="22" type="stmt"/>
        <line num="28" count="22" type="stmt"/>
        <line num="31" count="9" type="stmt"/>
        <line num="32" count="9" type="stmt"/>
        <line num="35" count="7" type="stmt"/>
        <line num="36" count="7" type="stmt"/>
        <line num="39" count="0" type="stmt"/>
        <line num="40" count="0" type="stmt"/>
        <line num="41" count="0" type="stmt"/>
        <line num="46" count="4" type="stmt"/>
      </file>
    </package>
    <package name="validations">
      <metrics statements="27" coveredstatements="25" conditionals="20" coveredconditionals="18" methods="5" coveredmethods="5"/>
      <file name="validations.js" path="/Users/crimsondarkn/Coding Projects/Javascript/toy-robot-challenge/src/validations/validations.js">
        <metrics statements="27" coveredstatements="25" conditionals="20" coveredconditionals="18" methods="5" coveredmethods="5"/>
        <line num="15" count="4" type="stmt"/>
        <line num="16" count="55" type="cond" truecount="6" falsecount="0"/>
        <line num="17" count="3" type="stmt"/>
        <line num="18" count="3" type="stmt"/>
        <line num="20" count="52" type="stmt"/>
        <line num="27" count="4" type="stmt"/>
        <line num="28" count="16" type="cond" truecount="2" falsecount="0"/>
        <line num="29" count="3" type="stmt"/>
        <line num="30" count="3" type="stmt"/>
        <line num="32" count="13" type="stmt"/>
        <line num="39" count="4" type="stmt"/>
        <line num="40" count="23" type="cond" truecount="1" falsecount="1"/>
        <line num="41" count="0" type="stmt"/>
        <line num="42" count="0" type="stmt"/>
        <line num="44" count="23" type="stmt"/>
        <line num="51" count="4" type="stmt"/>
        <line num="53" count="16" type="cond" truecount="1" falsecount="1"/>
        <line num="55" count="16" type="stmt"/>
        <line num="58" count="16" type="cond" truecount="6" falsecount="0"/>
        <line num="59" count="4" type="stmt"/>
        <line num="60" count="4" type="stmt"/>
        <line num="63" count="12" type="stmt"/>
        <line num="70" count="4" type="stmt"/>
        <line num="71" count="13" type="cond" truecount="2" falsecount="0"/>
        <line num="72" count="6" type="stmt"/>
        <line num="73" count="6" type="stmt"/>
        <line num="75" count="7" type="stmt"/>
      </file>
    </package>
  </project>
</coverage>
