{"/Users/crimsondarkn/Coding Projects/Javascript/toy-robot-challenge/src/commands/command.js": {"path":"/Users/crimsondarkn/Coding Projects/Javascript/toy-robot-challenge/src/commands/command.js","statementMap":{"0":{"start":{"line":8,"column":8},"end":{"line":8,"column":27}},"1":{"start":{"line":9,"column":8},"end":{"line":9,"column":29}}},"fnMap":{"0":{"name":"(anonymous_0)","decl":{"start":{"line":7,"column":4},"end":{"line":7,"column":5}},"loc":{"start":{"line":7,"column":31},"end":{"line":10,"column":5}},"line":7},"1":{"name":"(anonymous_1)","decl":{"start":{"line":12,"column":4},"end":{"line":12,"column":5}},"loc":{"start":{"line":12,"column":14},"end":{"line":14,"column":5}},"line":12}},"branchMap":{},"s":{"0":75,"1":75},"f":{"0":75,"1":0},"b":{},"_coverageSchema":"1a1c01bbd47fc00a2c39e90264f33305004495a9","hash":"2b559ff5ebab1b540abbff4aa7a5d63bf5198d8d"}
,"/Users/crimsondarkn/Coding Projects/Javascript/toy-robot-challenge/src/commands/move.js": {"path":"/Users/crimsondarkn/Coding Projects/Javascript/toy-robot-challenge/src/commands/move.js","statementMap":{"0":{"start":{"line":13,"column":6},"end":{"line":13,"column":27}},"1":{"start":{"line":14,"column":6},"end":{"line":14,"column":25}},"2":{"start":{"line":18,"column":8},"end":{"line":18,"column":34}},"3":{"start":{"line":19,"column":8},"end":{"line":19,"column":20}},"4":{"start":{"line":30,"column":20},"end":{"line":30,"column":30}},"5":{"start":{"line":31,"column":46},"end":{"line":31,"column":51}},"6":{"start":{"line":34,"column":8},"end":{"line":34,"column":32}},"7":{"start":{"line":35,"column":8},"end":{"line":35,"column":24}},"8":{"start":{"line":36,"column":8},"end":{"line":36,"column":24}},"9":{"start":{"line":39,"column":8},"end":{"line":42,"column":9}},"10":{"start":{"line":40,"column":12},"end":{"line":40,"column":40}},"11":{"start":{"line":41,"column":12},"end":{"line":41,"column":19}},"12":{"start":{"line":45,"column":20},"end":{"line":45,"column":21}},"13":{"start":{"line":46,"column":20},"end":{"line":46,"column":21}},"14":{"start":{"line":47,"column":28},"end":{"line":47,"column":37}},"15":{"start":{"line":50,"column":8},"end":{"line":63,"column":9}},"16":{"start":{"line":52,"column":16},"end":{"line":52,"column":26}},"17":{"start":{"line":53,"column":16},"end":{"line":53,"column":22}},"18":{"start":{"line":55,"column":16},"end":{"line":55,"column":26}},"19":{"start":{"line":56,"column":16},"end":{"line":56,"column":22}},"20":{"start":{"line":58,"column":16},"end":{"line":58,"column":26}},"21":{"start":{"line":59,"column":16},"end":{"line":59,"column":22}},"22":{"start":{"line":61,"column":16},"end":{"line":61,"column":26}},"23":{"start":{"line":62,"column":16},"end":{"line":62,"column":22}},"24":{"start":{"line":66,"column":8},"end":{"line":75,"column":9}},"25":{"start":{"line":68,"column":12},"end":{"line":68,"column":42}},"26":{"start":{"line":69,"column":12},"end":{"line":69,"column":42}},"27":{"start":{"line":70,"column":12},"end":{"line":70,"column":44}},"28":{"start":{"line":72,"column":12},"end":{"line":72,"column":34}},"29":{"start":{"line":73,"column":12},"end":{"line":73,"column":34}},"30":{"start":{"line":74,"column":12},"end":{"line":74,"column":40}}},"fnMap":{"0":{"name":"(anonymous_0)","decl":{"start":{"line":12,"column":4},"end":{"line":12,"column":5}},"loc":{"start":{"line":12,"column":38},"end":{"line":15,"column":5}},"line":12},"1":{"name":"(anonymous_1)","decl":{"start":{"line":17,"column":4},"end":{"line":17,"column":5}},"loc":{"start":{"line":17,"column":14},"end":{"line":20,"column":5}},"line":17},"2":{"name":"(anonymous_2)","decl":{"start":{"line":28,"column":4},"end":{"line":28,"column":5}},"loc":{"start":{"line":28,"column":20},"end":{"line":76,"column":5}},"line":28}},"branchMap":{"0":{"loc":{"start":{"line":39,"column":8},"end":{"line":42,"column":9}},"type":"if","locations":[{"start":{"line":39,"column":8},"end":{"line":42,"column":9}},{"start":{"line":39,"column":8},"end":{"line":42,"column":9}}],"line":39},"1":{"loc":{"start":{"line":39,"column":12},"end":{"line":39,"column":48}},"type":"binary-expr","locations":[{"start":{"line":39,"column":12},"end":{"line":39,"column":24}},{"start":{"line":39,"column":28},"end":{"line":39,"column":36}},{"start":{"line":39,"column":40},"end":{"line":39,"column":48}}],"line":39},"2":{"loc":{"start":{"line":50,"column":8},"end":{"line":63,"column":9}},"type":"switch","locations":[{"start":{"line":51,"column":12},"end":{"line":53,"column":22}},{"start":{"line":54,"column":12},"end":{"line":56,"column":22}},{"start":{"line":57,"column":12},"end":{"line":59,"column":22}},{"start":{"line":60,"column":12},"end":{"line":62,"column":22}}],"line":50},"3":{"loc":{"start":{"line":66,"column":8},"end":{"line":75,"column":9}},"type":"if","locations":[{"start":{"line":66,"column":8},"end":{"line":75,"column":9}},{"start":{"line":66,"column":8},"end":{"line":75,"column":9}}],"line":66}},"s":{"0":37,"1":37,"2":37,"3":37,"4":37,"5":37,"6":37,"7":37,"8":37,"9":37,"10":0,"11":0,"12":37,"13":37,"14":37,"15":37,"16":11,"17":11,"18":1,"19":1,"20":13,"21":13,"22":12,"23":12,"24":37,"25":37,"26":37,"27":37,"28":37,"29":37,"30":37},"f":{"0":37,"1":37,"2":37},"b":{"0":[0,37],"1":[37,37,37],"2":[11,1,13,12],"3":[37,0]},"_coverageSchema":"1a1c01bbd47fc00a2c39e90264f33305004495a9","hash":"f177df8880d01ae8336798b4204f3a6f2ada4588"}
,"/Users/crimsondarkn/Coding Projects/Javascript/toy-robot-challenge/src/commands/place.js": {"path":"/Users/crimsondarkn/Coding Projects/Javascript/toy-robot-challenge/src/commands/place.js","statementMap":{"0":{"start":{"line":12,"column":8},"end":{"line":12,"column":25}},"1":{"start":{"line":13,"column":8},"end":{"line":13,"column":20}},"2":{"start":{"line":22,"column":48},"end":{"line":22,"column":67}},"3":{"start":{"line":23,"column":20},"end":{"line":23,"column":30}},"4":{"start":{"line":26,"column":8},"end":{"line":41,"column":9}},"5":{"start":{"line":30,"column":13},"end":{"line":30,"column":25}},"6":{"start":{"line":31,"column":13},"end":{"line":31,"column":25}},"7":{"start":{"line":32,"column":13},"end":{"line":32,"column":41}},"8":{"start":{"line":35,"column":13},"end":{"line":35,"column":35}},"9":{"start":{"line":38,"column":13},"end":{"line":38,"column":31}},"10":{"start":{"line":39,"column":13},"end":{"line":39,"column":31}}},"fnMap":{"0":{"name":"(anonymous_0)","decl":{"start":{"line":11,"column":4},"end":{"line":11,"column":5}},"loc":{"start":{"line":11,"column":14},"end":{"line":14,"column":5}},"line":11},"1":{"name":"(anonymous_1)","decl":{"start":{"line":21,"column":4},"end":{"line":21,"column":5}},"loc":{"start":{"line":21,"column":16},"end":{"line":42,"column":5}},"line":21}},"branchMap":{"0":{"loc":{"start":{"line":26,"column":8},"end":{"line":41,"column":9}},"type":"if","locations":[{"start":{"line":26,"column":8},"end":{"line":41,"column":9}},{"start":{"line":26,"column":8},"end":{"line":41,"column":9}}],"line":26},"1":{"loc":{"start":{"line":26,"column":13},"end":{"line":27,"column":40}},"type":"binary-expr","locations":[{"start":{"line":26,"column":13},"end":{"line":26,"column":42}},{"start":{"line":27,"column":13},"end":{"line":27,"column":40}}],"line":26}},"s":{"0":9,"1":9,"2":9,"3":9,"4":9,"5":9,"6":9,"7":9,"8":9,"9":9,"10":9},"f":{"0":9,"1":9},"b":{"0":[9,0],"1":[9,9]},"_coverageSchema":"1a1c01bbd47fc00a2c39e90264f33305004495a9","hash":"79ca121cb5e1dfa11ce2c9d3283e467a9a6e53ce"}
,"/Users/crimsondarkn/Coding Projects/Javascript/toy-robot-challenge/src/commands/report.js": {"path":"/Users/crimsondarkn/Coding Projects/Javascript/toy-robot-challenge/src/commands/report.js","statementMap":{"0":{"start":{"line":10,"column":8},"end":{"line":10,"column":26}},"1":{"start":{"line":11,"column":8},"end":{"line":11,"column":20}},"2":{"start":{"line":18,"column":36},"end":{"line":18,"column":46}},"3":{"start":{"line":19,"column":8},"end":{"line":19,"column":46}}},"fnMap":{"0":{"name":"(anonymous_0)","decl":{"start":{"line":9,"column":4},"end":{"line":9,"column":5}},"loc":{"start":{"line":9,"column":14},"end":{"line":12,"column":5}},"line":9},"1":{"name":"(anonymous_1)","decl":{"start":{"line":17,"column":4},"end":{"line":17,"column":5}},"loc":{"start":{"line":17,"column":17},"end":{"line":20,"column":5}},"line":17}},"branchMap":{},"s":{"0":7,"1":7,"2":7,"3":7},"f":{"0":7,"1":7},"b":{},"_coverageSchema":"1a1c01bbd47fc00a2c39e90264f33305004495a9","hash":"dfc6a446d4f8bfd7dfecc1503edf6b9a551a6247"}
,"/Users/crimsondarkn/Coding Projects/Javascript/toy-robot-challenge/src/commands/rotate.js": {"path":"/Users/crimsondarkn/Coding Projects/Javascript/toy-robot-challenge/src/commands/rotate.js","statementMap":{"0":{"start":{"line":12,"column":8},"end":{"line":12,"column":26}},"1":{"start":{"line":13,"column":8},"end":{"line":13,"column":20}},"2":{"start":{"line":23,"column":30},"end":{"line":23,"column":40}},"3":{"start":{"line":24,"column":23},"end":{"line":24,"column":42}},"4":{"start":{"line":25,"column":20},"end":{"line":25,"column":30}},"5":{"start":{"line":28,"column":28},"end":{"line":28,"column":37}},"6":{"start":{"line":30,"column":29},"end":{"line":35,"column":9}},"7":{"start":{"line":37,"column":26},"end":{"line":37,"column":84}},"8":{"start":{"line":37,"column":62},"end":{"line":37,"column":83}},"9":{"start":{"line":39,"column":8},"end":{"line":50,"column":9}},"10":{"start":{"line":41,"column":12},"end":{"line":42,"column":64}},"11":{"start":{"line":41,"column":58},"end":{"line":41,"column":95}},"12":{"start":{"line":42,"column":17},"end":{"line":42,"column":64}},"13":{"start":{"line":47,"column":12},"end":{"line":48,"column":64}},"14":{"start":{"line":47,"column":34},"end":{"line":47,"column":96}},"15":{"start":{"line":48,"column":17},"end":{"line":48,"column":64}},"16":{"start":{"line":52,"column":8},"end":{"line":52,"column":44}},"17":{"start":{"line":53,"column":8},"end":{"line":53,"column":43}}},"fnMap":{"0":{"name":"(anonymous_0)","decl":{"start":{"line":11,"column":4},"end":{"line":11,"column":5}},"loc":{"start":{"line":11,"column":14},"end":{"line":14,"column":5}},"line":11},"1":{"name":"(anonymous_1)","decl":{"start":{"line":21,"column":4},"end":{"line":21,"column":5}},"loc":{"start":{"line":21,"column":17},"end":{"line":54,"column":5}},"line":21},"2":{"name":"(anonymous_2)","decl":{"start":{"line":37,"column":51},"end":{"line":37,"column":52}},"loc":{"start":{"line":37,"column":62},"end":{"line":37,"column":83}},"line":37}},"branchMap":{"0":{"loc":{"start":{"line":39,"column":8},"end":{"line":50,"column":9}},"type":"if","locations":[{"start":{"line":39,"column":8},"end":{"line":50,"column":9}},{"start":{"line":39,"column":8},"end":{"line":50,"column":9}}],"line":39},"1":{"loc":{"start":{"line":41,"column":12},"end":{"line":42,"column":64}},"type":"if","locations":[{"start":{"line":41,"column":12},"end":{"line":42,"column":64}},{"start":{"line":41,"column":12},"end":{"line":42,"column":64}}],"line":41},"2":{"loc":{"start":{"line":47,"column":12},"end":{"line":48,"column":64}},"type":"if","locations":[{"start":{"line":47,"column":12},"end":{"line":48,"column":64}},{"start":{"line":47,"column":12},"end":{"line":48,"column":64}}],"line":47}},"s":{"0":22,"1":22,"2":22,"3":22,"4":22,"5":22,"6":22,"7":22,"8":53,"9":22,"10":12,"11":5,"12":7,"13":10,"14":4,"15":6,"16":22,"17":22},"f":{"0":22,"1":22,"2":53},"b":{"0":[12,10],"1":[5,7],"2":[4,6]},"_coverageSchema":"1a1c01bbd47fc00a2c39e90264f33305004495a9","hash":"bc8db38c229dbd7f1f75a5aeea5167ef286a1dfc"}
,"/Users/crimsondarkn/Coding Projects/Javascript/toy-robot-challenge/src/components/parser.js": {"path":"/Users/crimsondarkn/Coding Projects/Javascript/toy-robot-challenge/src/components/parser.js","statementMap":{"0":{"start":{"line":19,"column":24},"end":{"line":19,"column":50}},"1":{"start":{"line":20,"column":43},"end":{"line":20,"column":61}},"2":{"start":{"line":23,"column":16},"end":{"line":61,"column":17}},"3":{"start":{"line":26,"column":24},"end":{"line":26,"column":68}},"4":{"start":{"line":28,"column":24},"end":{"line":28,"column":46}},"5":{"start":{"line":30,"column":24},"end":{"line":30,"column":44}},"6":{"start":{"line":33,"column":24},"end":{"line":33,"column":71}},"7":{"start":{"line":33,"column":61},"end":{"line":33,"column":71}},"8":{"start":{"line":34,"column":24},"end":{"line":34,"column":68}},"9":{"start":{"line":34,"column":58},"end":{"line":34,"column":68}},"10":{"start":{"line":36,"column":38},"end":{"line":36,"column":60}},"11":{"start":{"line":38,"column":24},"end":{"line":43,"column":44}},"12":{"start":{"line":46,"column":24},"end":{"line":46,"column":61}},"13":{"start":{"line":46,"column":51},"end":{"line":46,"column":61}},"14":{"start":{"line":48,"column":36},"end":{"line":48,"column":58}},"15":{"start":{"line":49,"column":24},"end":{"line":53,"column":26}},"16":{"start":{"line":50,"column":28},"end":{"line":52,"column":29}},"17":{"start":{"line":51,"column":45},"end":{"line":51,"column":73}},"18":{"start":{"line":54,"column":24},"end":{"line":54,"column":34}},"19":{"start":{"line":56,"column":28},"end":{"line":56,"column":44}},"20":{"start":{"line":59,"column":24},"end":{"line":59,"column":69}},"21":{"start":{"line":60,"column":24},"end":{"line":60,"column":34}},"22":{"start":{"line":69,"column":29},"end":{"line":78,"column":1}},"23":{"start":{"line":70,"column":21},"end":{"line":70,"column":69}},"24":{"start":{"line":72,"column":4},"end":{"line":77,"column":5}},"25":{"start":{"line":73,"column":8},"end":{"line":73,"column":36}},"26":{"start":{"line":74,"column":8},"end":{"line":74,"column":21}},"27":{"start":{"line":76,"column":8},"end":{"line":76,"column":20}},"28":{"start":{"line":84,"column":32},"end":{"line":101,"column":1}},"29":{"start":{"line":86,"column":4},"end":{"line":88,"column":5}},"30":{"start":{"line":87,"column":8},"end":{"line":87,"column":18}},"31":{"start":{"line":90,"column":4},"end":{"line":99,"column":5}},"32":{"start":{"line":91,"column":8},"end":{"line":91,"column":57}},"33":{"start":{"line":93,"column":8},"end":{"line":97,"column":9}},"34":{"start":{"line":94,"column":12},"end":{"line":94,"column":38}},"35":{"start":{"line":96,"column":12},"end":{"line":96,"column":29}},"36":{"start":{"line":98,"column":8},"end":{"line":98,"column":18}}},"fnMap":{"0":{"name":"(anonymous_0)","decl":{"start":{"line":17,"column":4},"end":{"line":17,"column":5}},"loc":{"start":{"line":17,"column":31},"end":{"line":62,"column":5}},"line":17},"1":{"name":"(anonymous_1)","decl":{"start":{"line":49,"column":34},"end":{"line":49,"column":35}},"loc":{"start":{"line":49,"column":42},"end":{"line":53,"column":25}},"line":49},"2":{"name":"(anonymous_2)","decl":{"start":{"line":51,"column":32},"end":{"line":51,"column":33}},"loc":{"start":{"line":51,"column":45},"end":{"line":51,"column":73}},"line":51},"3":{"name":"(anonymous_3)","decl":{"start":{"line":69,"column":29},"end":{"line":69,"column":30}},"loc":{"start":{"line":69,"column":44},"end":{"line":78,"column":1}},"line":69},"4":{"name":"(anonymous_4)","decl":{"start":{"line":84,"column":32},"end":{"line":84,"column":33}},"loc":{"start":{"line":84,"column":47},"end":{"line":101,"column":1}},"line":84}},"branchMap":{"0":{"loc":{"start":{"line":23,"column":16},"end":{"line":61,"column":17}},"type":"switch","locations":[{"start":{"line":24,"column":20},"end":{"line":24,"column":42}},{"start":{"line":25,"column":20},"end":{"line":26,"column":68}},{"start":{"line":27,"column":20},"end":{"line":28,"column":46}},{"start":{"line":29,"column":20},"end":{"line":30,"column":44}},{"start":{"line":31,"column":20},"end":{"line":43,"column":44}},{"start":{"line":44,"column":20},"end":{"line":54,"column":34}},{"start":{"line":55,"column":24},"end":{"line":56,"column":44}},{"start":{"line":58,"column":20},"end":{"line":60,"column":34}}],"line":23},"1":{"loc":{"start":{"line":33,"column":24},"end":{"line":33,"column":71}},"type":"if","locations":[{"start":{"line":33,"column":24},"end":{"line":33,"column":71}},{"start":{"line":33,"column":24},"end":{"line":33,"column":71}}],"line":33},"2":{"loc":{"start":{"line":34,"column":24},"end":{"line":34,"column":68}},"type":"if","locations":[{"start":{"line":34,"column":24},"end":{"line":34,"column":68}},{"start":{"line":34,"column":24},"end":{"line":34,"column":68}}],"line":34},"3":{"loc":{"start":{"line":46,"column":24},"end":{"line":46,"column":61}},"type":"if","locations":[{"start":{"line":46,"column":24},"end":{"line":46,"column":61}},{"start":{"line":46,"column":24},"end":{"line":46,"column":61}}],"line":46},"4":{"loc":{"start":{"line":72,"column":4},"end":{"line":77,"column":5}},"type":"if","locations":[{"start":{"line":72,"column":4},"end":{"line":77,"column":5}},{"start":{"line":72,"column":4},"end":{"line":77,"column":5}}],"line":72},"5":{"loc":{"start":{"line":86,"column":4},"end":{"line":88,"column":5}},"type":"if","locations":[{"start":{"line":86,"column":4},"end":{"line":88,"column":5}},{"start":{"line":86,"column":4},"end":{"line":88,"column":5}}],"line":86},"6":{"loc":{"start":{"line":93,"column":8},"end":{"line":97,"column":9}},"type":"if","locations":[{"start":{"line":93,"column":8},"end":{"line":97,"column":9}},{"start":{"line":93,"column":8},"end":{"line":97,"column":9}}],"line":93}},"s":{"0":75,"1":75,"2":75,"3":17,"4":11,"5":29,"6":11,"7":0,"8":11,"9":5,"10":6,"11":6,"12":7,"13":0,"14":7,"15":7,"16":7,"17":60,"18":7,"19":0,"20":0,"21":0,"22":3,"23":9,"24":9,"25":0,"26":0,"27":9,"28":3,"29":8,"30":0,"31":8,"32":8,"33":0,"34":0,"35":0,"36":0},"f":{"0":75,"1":7,"2":60,"3":9,"4":8},"b":{"0":[8,17,11,29,11,7,0,0],"1":[0,11],"2":[5,6],"3":[0,7],"4":[0,9],"5":[0,8],"6":[0,0]},"_coverageSchema":"1a1c01bbd47fc00a2c39e90264f33305004495a9","hash":"d3f164b067abde3aa90d9aea211a04a69b666bc4"}
,"/Users/crimsondarkn/Coding Projects/Javascript/toy-robot-challenge/src/components/robot.js": {"path":"/Users/crimsondarkn/Coding Projects/Javascript/toy-robot-challenge/src/components/robot.js","statementMap":{"0":{"start":{"line":12,"column":15},"end":{"line":12,"column":32}},"1":{"start":{"line":15,"column":14},"end":{"line":15,"column":30}},"2":{"start":{"line":20,"column":8},"end":{"line":20,"column":26}},"3":{"start":{"line":21,"column":8},"end":{"line":21,"column":35}},"4":{"start":{"line":28,"column":8},"end":{"line":28,"column":60}},"5":{"start":{"line":29,"column":8},"end":{"line":29,"column":24}},"6":{"start":{"line":30,"column":8},"end":{"line":30,"column":58}},"7":{"start":{"line":31,"column":8},"end":{"line":31,"column":24}},"8":{"start":{"line":32,"column":8},"end":{"line":32,"column":50}},"9":{"start":{"line":33,"column":8},"end":{"line":33,"column":112}},"10":{"start":{"line":34,"column":8},"end":{"line":34,"column":43}},"11":{"start":{"line":35,"column":8},"end":{"line":35,"column":79}},"12":{"start":{"line":36,"column":8},"end":{"line":36,"column":43}},"13":{"start":{"line":37,"column":8},"end":{"line":37,"column":70}},"14":{"start":{"line":38,"column":8},"end":{"line":38,"column":44}},"15":{"start":{"line":39,"column":8},"end":{"line":39,"column":71}},"16":{"start":{"line":40,"column":8},"end":{"line":40,"column":45}},"17":{"start":{"line":41,"column":8},"end":{"line":41,"column":89}},"18":{"start":{"line":42,"column":8},"end":{"line":42,"column":65}},"19":{"start":{"line":43,"column":8},"end":{"line":43,"column":122}},"20":{"start":{"line":44,"column":8},"end":{"line":44,"column":43}},"21":{"start":{"line":45,"column":8},"end":{"line":45,"column":48}},"22":{"start":{"line":46,"column":8},"end":{"line":46,"column":22}},"23":{"start":{"line":47,"column":8},"end":{"line":47,"column":106}},"24":{"start":{"line":48,"column":8},"end":{"line":48,"column":22}},"25":{"start":{"line":49,"column":8},"end":{"line":49,"column":72}},"26":{"start":{"line":50,"column":8},"end":{"line":50,"column":103}},"27":{"start":{"line":51,"column":8},"end":{"line":51,"column":81}},"28":{"start":{"line":52,"column":8},"end":{"line":52,"column":97}},"29":{"start":{"line":53,"column":8},"end":{"line":53,"column":113}},"30":{"start":{"line":54,"column":8},"end":{"line":54,"column":22}},"31":{"start":{"line":58,"column":8},"end":{"line":58,"column":27}},"32":{"start":{"line":62,"column":8},"end":{"line":62,"column":26}},"33":{"start":{"line":72,"column":8},"end":{"line":72,"column":34}},"34":{"start":{"line":72,"column":27},"end":{"line":72,"column":34}},"35":{"start":{"line":73,"column":8},"end":{"line":73,"column":43}},"36":{"start":{"line":75,"column":23},"end":{"line":75,"column":60}},"37":{"start":{"line":76,"column":8},"end":{"line":76,"column":41}},"38":{"start":{"line":76,"column":34},"end":{"line":76,"column":41}},"39":{"start":{"line":79,"column":28},"end":{"line":79,"column":47}},"40":{"start":{"line":80,"column":37},"end":{"line":80,"column":74}},"41":{"start":{"line":81,"column":35},"end":{"line":81,"column":96}},"42":{"start":{"line":81,"column":72},"end":{"line":81,"column":95}},"43":{"start":{"line":84,"column":8},"end":{"line":88,"column":9}},"44":{"start":{"line":85,"column":12},"end":{"line":85,"column":43}},"45":{"start":{"line":87,"column":12},"end":{"line":87,"column":36}}},"fnMap":{"0":{"name":"(anonymous_0)","decl":{"start":{"line":19,"column":4},"end":{"line":19,"column":5}},"loc":{"start":{"line":19,"column":18},"end":{"line":22,"column":5}},"line":19},"1":{"name":"(anonymous_1)","decl":{"start":{"line":27,"column":4},"end":{"line":27,"column":5}},"loc":{"start":{"line":27,"column":19},"end":{"line":55,"column":5}},"line":27},"2":{"name":"(anonymous_2)","decl":{"start":{"line":57,"column":4},"end":{"line":57,"column":5}},"loc":{"start":{"line":57,"column":20},"end":{"line":59,"column":5}},"line":57},"3":{"name":"(anonymous_3)","decl":{"start":{"line":61,"column":4},"end":{"line":61,"column":5}},"loc":{"start":{"line":61,"column":15},"end":{"line":63,"column":5}},"line":61},"4":{"name":"(anonymous_4)","decl":{"start":{"line":70,"column":4},"end":{"line":70,"column":5}},"loc":{"start":{"line":70,"column":25},"end":{"line":89,"column":5}},"line":70},"5":{"name":"(anonymous_5)","decl":{"start":{"line":81,"column":61},"end":{"line":81,"column":62}},"loc":{"start":{"line":81,"column":72},"end":{"line":81,"column":95}},"line":81}},"branchMap":{"0":{"loc":{"start":{"line":72,"column":8},"end":{"line":72,"column":34}},"type":"if","locations":[{"start":{"line":72,"column":8},"end":{"line":72,"column":34}},{"start":{"line":72,"column":8},"end":{"line":72,"column":34}}],"line":72},"1":{"loc":{"start":{"line":76,"column":8},"end":{"line":76,"column":41}},"type":"if","locations":[{"start":{"line":76,"column":8},"end":{"line":76,"column":41}},{"start":{"line":76,"column":8},"end":{"line":76,"column":41}}],"line":76},"2":{"loc":{"start":{"line":84,"column":8},"end":{"line":88,"column":9}},"type":"if","locations":[{"start":{"line":84,"column":8},"end":{"line":88,"column":9}},{"start":{"line":84,"column":8},"end":{"line":88,"column":9}}],"line":84},"3":{"loc":{"start":{"line":84,"column":13},"end":{"line":84,"column":60}},"type":"binary-expr","locations":[{"start":{"line":84,"column":13},"end":{"line":84,"column":38}},{"start":{"line":84,"column":42},"end":{"line":84,"column":60}}],"line":84}},"s":{"0":3,"1":3,"2":3,"3":3,"4":0,"5":0,"6":0,"7":0,"8":0,"9":0,"10":0,"11":0,"12":0,"13":0,"14":0,"15":0,"16":0,"17":0,"18":0,"19":0,"20":0,"21":0,"22":0,"23":0,"24":0,"25":0,"26":0,"27":0,"28":0,"29":0,"30":0,"31":3,"32":12,"33":86,"34":12,"35":74,"36":74,"37":74,"38":0,"39":74,"40":74,"41":74,"42":137,"43":74,"44":48,"45":26},"f":{"0":3,"1":0,"2":3,"3":12,"4":86,"5":137},"b":{"0":[12,74],"1":[0,74],"2":[48,26],"3":[74,36]},"_coverageSchema":"1a1c01bbd47fc00a2c39e90264f33305004495a9","hash":"5757623deb8aef642de1a7b09a502f8457971b10"}
,"/Users/crimsondarkn/Coding Projects/Javascript/toy-robot-challenge/src/components/table.js": {"path":"/Users/crimsondarkn/Coding Projects/Javascript/toy-robot-challenge/src/components/table.js","statementMap":{"0":{"start":{"line":8,"column":6},"end":{"line":8,"column":20}},"1":{"start":{"line":9,"column":6},"end":{"line":9,"column":29}},"2":{"start":{"line":10,"column":6},"end":{"line":10,"column":20}},"3":{"start":{"line":11,"column":6},"end":{"line":11,"column":28}},"4":{"start":{"line":20,"column":6},"end":{"line":20,"column":29}},"5":{"start":{"line":21,"column":6},"end":{"line":21,"column":29}},"6":{"start":{"line":25,"column":8},"end":{"line":25,"column":25}},"7":{"start":{"line":29,"column":8},"end":{"line":29,"column":25}}},"fnMap":{"0":{"name":"(anonymous_0)","decl":{"start":{"line":7,"column":4},"end":{"line":7,"column":5}},"loc":{"start":{"line":7,"column":31},"end":{"line":12,"column":5}},"line":7},"1":{"name":"(anonymous_1)","decl":{"start":{"line":19,"column":4},"end":{"line":19,"column":5}},"loc":{"start":{"line":19,"column":30},"end":{"line":22,"column":5}},"line":19},"2":{"name":"(anonymous_2)","decl":{"start":{"line":24,"column":4},"end":{"line":24,"column":5}},"loc":{"start":{"line":24,"column":11},"end":{"line":26,"column":5}},"line":24},"3":{"name":"(anonymous_3)","decl":{"start":{"line":28,"column":4},"end":{"line":28,"column":5}},"loc":{"start":{"line":28,"column":11},"end":{"line":30,"column":5}},"line":28}},"branchMap":{},"s":{"0":5,"1":5,"2":5,"3":5,"4":0,"5":0,"6":8,"7":8},"f":{"0":5,"1":0,"2":8,"3":8},"b":{},"_coverageSchema":"1a1c01bbd47fc00a2c39e90264f33305004495a9","hash":"9fbbc9d4a8f14b2dfa39925632b84ea8d719bd46"}
,"/Users/crimsondarkn/Coding Projects/Javascript/toy-robot-challenge/src/constants/commandList.js": {"path":"/Users/crimsondarkn/Coding Projects/Javascript/toy-robot-challenge/src/constants/commandList.js","statementMap":{"0":{"start":{"line":7,"column":18},"end":{"line":14,"column":1}}},"fnMap":{},"branchMap":{},"s":{"0":4},"f":{},"b":{},"_coverageSchema":"1a1c01bbd47fc00a2c39e90264f33305004495a9","hash":"abe54ea75e96281c750019182b9574cc97c8e18e"}
,"/Users/crimsondarkn/Coding Projects/Javascript/toy-robot-challenge/src/constants/directions.js": {"path":"/Users/crimsondarkn/Coding Projects/Javascript/toy-robot-challenge/src/constants/directions.js","statementMap":{"0":{"start":{"line":5,"column":17},"end":{"line":10,"column":1}}},"fnMap":{},"branchMap":{},"s":{"0":4},"f":{},"b":{},"_coverageSchema":"1a1c01bbd47fc00a2c39e90264f33305004495a9","hash":"59622df692757c3f3077a753a08ca48c4826c373"}
,"/Users/crimsondarkn/Coding Projects/Javascript/toy-robot-challenge/src/constants/errorMessages.js": {"path":"/Users/crimsondarkn/Coding Projects/Javascript/toy-robot-challenge/src/constants/errorMessages.js","statementMap":{"0":{"start":{"line":5,"column":32},"end":{"line":5,"column":62}},"1":{"start":{"line":6,"column":32},"end":{"line":6,"column":52}},"2":{"start":{"line":7,"column":32},"end":{"line":7,"column":57}},"3":{"start":{"line":8,"column":32},"end":{"line":8,"column":51}},"4":{"start":{"line":9,"column":32},"end":{"line":9,"column":58}},"5":{"start":{"line":10,"column":32},"end":{"line":10,"column":68}},"6":{"start":{"line":11,"column":32},"end":{"line":11,"column":61}},"7":{"start":{"line":12,"column":32},"end":{"line":12,"column":50}},"8":{"start":{"line":13,"column":32},"end":{"line":13,"column":104}}},"fnMap":{},"branchMap":{},"s":{"0":4,"1":4,"2":4,"3":4,"4":4,"5":4,"6":4,"7":4,"8":4},"f":{},"b":{},"_coverageSchema":"1a1c01bbd47fc00a2c39e90264f33305004495a9","hash":"8ad71f579d41939528e6313f5117564474f12176"}
,"/Users/crimsondarkn/Coding Projects/Javascript/toy-robot-challenge/src/constants/sides.js": {"path":"/Users/crimsondarkn/Coding Projects/Javascript/toy-robot-challenge/src/constants/sides.js","statementMap":{"0":{"start":{"line":5,"column":12},"end":{"line":8,"column":1}}},"fnMap":{},"branchMap":{},"s":{"0":4},"f":{},"b":{},"_coverageSchema":"1a1c01bbd47fc00a2c39e90264f33305004495a9","hash":"f19dc0358ff73b6de77cec4ad4e490ff8c704546"}
,"/Users/crimsondarkn/Coding Projects/Javascript/toy-robot-challenge/src/store/store.js": {"path":"/Users/crimsondarkn/Coding Projects/Javascript/toy-robot-challenge/src/store/store.js","statementMap":{"0":{"start":{"line":9,"column":4},"end":{"line":9,"column":39}}},"fnMap":{"0":{"name":"(anonymous_0)","decl":{"start":{"line":8,"column":15},"end":{"line":8,"column":16}},"loc":{"start":{"line":8,"column":27},"end":{"line":10,"column":1}},"line":8}},"branchMap":{},"s":{"0":4},"f":{"0":4},"b":{},"_coverageSchema":"1a1c01bbd47fc00a2c39e90264f33305004495a9","hash":"3bf80c92ab7255ca5f9552f9ad251b95d5d9bc12"}
,"/Users/crimsondarkn/Coding Projects/Javascript/toy-robot-challenge/src/store/storeReducer.js": {"path":"/Users/crimsondarkn/Coding Projects/Javascript/toy-robot-challenge/src/store/storeReducer.js","statementMap":{"0":{"start":{"line":18,"column":14},"end":{"line":44,"column":2}},"1":{"start":{"line":23,"column":27},"end":{"line":23,"column":53}},"2":{"start":{"line":24,"column":11},"end":{"line":24,"column":30}},"3":{"start":{"line":27,"column":30},"end":{"line":27,"column":55}},"4":{"start":{"line":28,"column":12},"end":{"line":28,"column":33}},"5":{"start":{"line":31,"column":28},"end":{"line":31,"column":52}},"6":{"start":{"line":32,"column":11},"end":{"line":32,"column":31}},"7":{"start":{"line":35,"column":30},"end":{"line":35,"column":55}},"8":{"start":{"line":36,"column":12},"end":{"line":36,"column":33}},"9":{"start":{"line":39,"column":12},"end":{"line":39,"column":34}},"10":{"start":{"line":40,"column":12},"end":{"line":40,"column":34}},"11":{"start":{"line":41,"column":12},"end":{"line":41,"column":50}},"12":{"start":{"line":46,"column":67},"end":{"line":46,"column":80}}},"fnMap":{"0":{"name":"(anonymous_0)","decl":{"start":{"line":22,"column":18},"end":{"line":22,"column":19}},"loc":{"start":{"line":22,"column":37},"end":{"line":25,"column":9}},"line":22},"1":{"name":"(anonymous_1)","decl":{"start":{"line":26,"column":20},"end":{"line":26,"column":21}},"loc":{"start":{"line":26,"column":39},"end":{"line":29,"column":9}},"line":26},"2":{"name":"(anonymous_2)","decl":{"start":{"line":30,"column":19},"end":{"line":30,"column":20}},"loc":{"start":{"line":30,"column":38},"end":{"line":33,"column":9}},"line":30},"3":{"name":"(anonymous_3)","decl":{"start":{"line":34,"column":20},"end":{"line":34,"column":21}},"loc":{"start":{"line":34,"column":39},"end":{"line":37,"column":9}},"line":34},"4":{"name":"(anonymous_4)","decl":{"start":{"line":38,"column":14},"end":{"line":38,"column":15}},"loc":{"start":{"line":38,"column":33},"end":{"line":42,"column":9}},"line":38}},"branchMap":{},"s":{"0":4,"1":37,"2":37,"3":22,"4":22,"5":9,"6":9,"7":7,"8":7,"9":0,"10":0,"11":0,"12":4},"f":{"0":37,"1":22,"2":9,"3":7,"4":0},"b":{},"_coverageSchema":"1a1c01bbd47fc00a2c39e90264f33305004495a9","hash":"c03869ddecec0294f9b1c6248101c0049eb82578"}
,"/Users/crimsondarkn/Coding Projects/Javascript/toy-robot-challenge/src/validations/validations.js": {"path":"/Users/crimsondarkn/Coding Projects/Javascript/toy-robot-challenge/src/validations/validations.js","statementMap":{"0":{"start":{"line":15,"column":27},"end":{"line":21,"column":1}},"1":{"start":{"line":16,"column":4},"end":{"line":19,"column":5}},"2":{"start":{"line":17,"column":8},"end":{"line":17,"column":38}},"3":{"start":{"line":18,"column":8},"end":{"line":18,"column":21}},"4":{"start":{"line":20,"column":4},"end":{"line":20,"column":16}},"5":{"start":{"line":27,"column":32},"end":{"line":33,"column":1}},"6":{"start":{"line":28,"column":4},"end":{"line":31,"column":5}},"7":{"start":{"line":29,"column":8},"end":{"line":29,"column":38}},"8":{"start":{"line":30,"column":8},"end":{"line":30,"column":21}},"9":{"start":{"line":32,"column":4},"end":{"line":32,"column":16}},"10":{"start":{"line":39,"column":23},"end":{"line":45,"column":1}},"11":{"start":{"line":40,"column":4},"end":{"line":43,"column":5}},"12":{"start":{"line":41,"column":8},"end":{"line":41,"column":38}},"13":{"start":{"line":42,"column":8},"end":{"line":42,"column":21}},"14":{"start":{"line":44,"column":4},"end":{"line":44,"column":16}},"15":{"start":{"line":51,"column":32},"end":{"line":64,"column":1}},"16":{"start":{"line":53,"column":8},"end":{"line":53,"column":48}},"17":{"start":{"line":53,"column":35},"end":{"line":53,"column":48}},"18":{"start":{"line":55,"column":22},"end":{"line":55,"column":44}},"19":{"start":{"line":58,"column":8},"end":{"line":61,"column":9}},"20":{"start":{"line":59,"column":12},"end":{"line":59,"column":42}},"21":{"start":{"line":60,"column":12},"end":{"line":60,"column":25}},"22":{"start":{"line":63,"column":8},"end":{"line":63,"column":20}},"23":{"start":{"line":70,"column":36},"end":{"line":76,"column":1}},"24":{"start":{"line":71,"column":4},"end":{"line":74,"column":5}},"25":{"start":{"line":72,"column":8},"end":{"line":72,"column":37}},"26":{"start":{"line":73,"column":8},"end":{"line":73,"column":21}},"27":{"start":{"line":75,"column":4},"end":{"line":75,"column":16}}},"fnMap":{"0":{"name":"(anonymous_0)","decl":{"start":{"line":15,"column":27},"end":{"line":15,"column":28}},"loc":{"start":{"line":15,"column":61},"end":{"line":21,"column":1}},"line":15},"1":{"name":"(anonymous_1)","decl":{"start":{"line":27,"column":32},"end":{"line":27,"column":33}},"loc":{"start":{"line":27,"column":47},"end":{"line":33,"column":1}},"line":27},"2":{"name":"(anonymous_2)","decl":{"start":{"line":39,"column":23},"end":{"line":39,"column":24}},"loc":{"start":{"line":39,"column":40},"end":{"line":45,"column":1}},"line":39},"3":{"name":"(anonymous_3)","decl":{"start":{"line":51,"column":32},"end":{"line":51,"column":33}},"loc":{"start":{"line":51,"column":49},"end":{"line":64,"column":1}},"line":51},"4":{"name":"(anonymous_4)","decl":{"start":{"line":70,"column":36},"end":{"line":70,"column":37}},"loc":{"start":{"line":70,"column":47},"end":{"line":76,"column":1}},"line":70}},"branchMap":{"0":{"loc":{"start":{"line":16,"column":4},"end":{"line":19,"column":5}},"type":"if","locations":[{"start":{"line":16,"column":4},"end":{"line":19,"column":5}},{"start":{"line":16,"column":4},"end":{"line":19,"column":5}}],"line":16},"1":{"loc":{"start":{"line":16,"column":9},"end":{"line":16,"column":69}},"type":"binary-expr","locations":[{"start":{"line":16,"column":10},"end":{"line":16,"column":24}},{"start":{"line":16,"column":31},"end":{"line":16,"column":36}},{"start":{"line":16,"column":42},"end":{"line":16,"column":47}},{"start":{"line":16,"column":53},"end":{"line":16,"column":67}}],"line":16},"2":{"loc":{"start":{"line":28,"column":4},"end":{"line":31,"column":5}},"type":"if","locations":[{"start":{"line":28,"column":4},"end":{"line":31,"column":5}},{"start":{"line":28,"column":4},"end":{"line":31,"column":5}}],"line":28},"3":{"loc":{"start":{"line":40,"column":4},"end":{"line":43,"column":5}},"type":"if","locations":[{"start":{"line":40,"column":4},"end":{"line":43,"column":5}},{"start":{"line":40,"column":4},"end":{"line":43,"column":5}}],"line":40},"4":{"loc":{"start":{"line":53,"column":8},"end":{"line":53,"column":48}},"type":"if","locations":[{"start":{"line":53,"column":8},"end":{"line":53,"column":48}},{"start":{"line":53,"column":8},"end":{"line":53,"column":48}}],"line":53},"5":{"loc":{"start":{"line":58,"column":8},"end":{"line":61,"column":9}},"type":"if","locations":[{"start":{"line":58,"column":8},"end":{"line":61,"column":9}},{"start":{"line":58,"column":8},"end":{"line":61,"column":9}}],"line":58},"6":{"loc":{"start":{"line":58,"column":12},"end":{"line":58,"column":64}},"type":"binary-expr","locations":[{"start":{"line":58,"column":12},"end":{"line":58,"column":14}},{"start":{"line":58,"column":18},"end":{"line":58,"column":20}},{"start":{"line":58,"column":24},"end":{"line":58,"column":42}},{"start":{"line":58,"column":46},"end":{"line":58,"column":64}}],"line":58},"7":{"loc":{"start":{"line":71,"column":4},"end":{"line":74,"column":5}},"type":"if","locations":[{"start":{"line":71,"column":4},"end":{"line":74,"column":5}},{"start":{"line":71,"column":4},"end":{"line":74,"column":5}}],"line":71}},"s":{"0":4,"1":55,"2":3,"3":3,"4":52,"5":4,"6":16,"7":3,"8":3,"9":13,"10":4,"11":23,"12":0,"13":0,"14":23,"15":4,"16":16,"17":0,"18":16,"19":16,"20":4,"21":4,"22":12,"23":4,"24":13,"25":6,"26":6,"27":7},"f":{"0":55,"1":16,"2":23,"3":16,"4":13},"b":{"0":[3,52],"1":[55,53,53,53],"2":[3,13],"3":[0,23],"4":[0,16],"5":[4,12],"6":[16,15,12,12],"7":[6,7]},"_coverageSchema":"1a1c01bbd47fc00a2c39e90264f33305004495a9","hash":"531590d6c4ae20435f958117c09fdb6e07a6e03c"}
}
