TN:
SF:src/commands/command.js
FN:7,(anonymous_0)
FN:12,(anonymous_1)
FNF:2
FNH:1
FNDA:75,(anonymous_0)
FNDA:0,(anonymous_1)
DA:8,75
DA:9,75
LF:2
LH:2
BRF:0
BRH:0
end_of_record
TN:
SF:src/commands/move.js
FN:12,(anonymous_0)
FN:17,(anonymous_1)
FN:28,(anonymous_2)
FNF:3
FNH:3
FNDA:37,(anonymous_0)
FNDA:37,(anonymous_1)
FNDA:37,(anonymous_2)
DA:13,37
DA:14,37
DA:18,37
DA:19,37
DA:30,37
DA:31,37
DA:34,37
DA:35,37
DA:36,37
DA:39,37
DA:40,0
DA:41,0
DA:45,37
DA:46,37
DA:47,37
DA:50,37
DA:52,11
DA:53,11
DA:55,1
DA:56,1
DA:58,13
DA:59,13
DA:61,12
DA:62,12
DA:66,37
DA:68,37
DA:69,37
DA:70,37
DA:72,37
DA:73,37
DA:74,37
LF:31
LH:29
BRDA:39,0,0,0
BRDA:39,0,1,37
BRDA:39,1,0,37
BRDA:39,1,1,37
BRDA:39,1,2,37
BRDA:50,2,0,11
BRDA:50,2,1,1
BRDA:50,2,2,13
BRDA:50,2,3,12
BRDA:66,3,0,37
BRDA:66,3,1,0
BRF:11
BRH:9
end_of_record
TN:
SF:src/commands/place.js
FN:11,(anonymous_0)
FN:21,(anonymous_1)
FNF:2
FNH:2
FNDA:9,(anonymous_0)
FNDA:9,(anonymous_1)
DA:12,9
DA:13,9
DA:22,9
DA:23,9
DA:26,9
DA:30,9
DA:31,9
DA:32,9
DA:35,9
DA:38,9
DA:39,9
LF:11
LH:11
BRDA:26,0,0,9
BRDA:26,0,1,0
BRDA:26,1,0,9
BRDA:26,1,1,9
BRF:4
BRH:3
end_of_record
TN:
SF:src/commands/report.js
FN:9,(anonymous_0)
FN:17,(anonymous_1)
FNF:2
FNH:2
FNDA:7,(anonymous_0)
FNDA:7,(anonymous_1)
DA:10,7
DA:11,7
DA:18,7
DA:19,7
LF:4
LH:4
BRF:0
BRH:0
end_of_record
TN:
SF:src/commands/rotate.js
FN:11,(anonymous_0)
FN:21,(anonymous_1)
FN:37,(anonymous_2)
FNF:3
FNH:3
FNDA:22,(anonymous_0)
FNDA:22,(anonymous_1)
FNDA:53,(anonymous_2)
DA:12,22
DA:13,22
DA:23,22
DA:24,22
DA:25,22
DA:28,22
DA:30,22
DA:37,53
DA:39,22
DA:41,12
DA:42,7
DA:47,10
DA:48,6
DA:52,22
DA:53,22
LF:15
LH:15
BRDA:39,0,0,12
BRDA:39,0,1,10
BRDA:41,1,0,5
BRDA:41,1,1,7
BRDA:47,2,0,4
BRDA:47,2,1,6
BRF:6
BRH:6
end_of_record
TN:
SF:src/components/parser.js
FN:17,(anonymous_0)
FN:49,(anonymous_1)
FN:51,(anonymous_2)
FN:69,(anonymous_3)
FN:84,(anonymous_4)
FNF:5
FNH:5
FNDA:75,(anonymous_0)
FNDA:7,(anonymous_1)
FNDA:60,(anonymous_2)
FNDA:9,(anonymous_3)
FNDA:8,(anonymous_4)
DA:19,75
DA:20,75
DA:23,75
DA:26,17
DA:28,11
DA:30,29
DA:33,11
DA:34,11
DA:36,6
DA:38,6
DA:46,7
DA:48,7
DA:49,7
DA:50,7
DA:51,60
DA:54,7
DA:56,0
DA:59,0
DA:60,0
DA:69,3
DA:70,9
DA:72,9
DA:73,0
DA:74,0
DA:76,9
DA:84,3
DA:86,8
DA:87,0
DA:90,8
DA:91,8
DA:93,0
DA:94,0
DA:96,0
DA:98,0
LF:34
LH:24
BRDA:23,0,0,8
BRDA:23,0,1,17
BRDA:23,0,2,11
BRDA:23,0,3,29
BRDA:23,0,4,11
BRDA:23,0,5,7
BRDA:23,0,6,0
BRDA:23,0,7,0
BRDA:33,1,0,0
BRDA:33,1,1,11
BRDA:34,2,0,5
BRDA:34,2,1,6
BRDA:46,3,0,0
BRDA:46,3,1,7
BRDA:72,4,0,0
BRDA:72,4,1,9
BRDA:86,5,0,0
BRDA:86,5,1,8
BRDA:93,6,0,0
BRDA:93,6,1,0
BRF:20
BRH:12
end_of_record
TN:
SF:src/components/robot.js
FN:19,(anonymous_0)
FN:27,(anonymous_1)
FN:57,(anonymous_2)
FN:61,(anonymous_3)
FN:70,(anonymous_4)
FN:81,(anonymous_5)
FNF:6
FNH:5
FNDA:3,(anonymous_0)
FNDA:0,(anonymous_1)
FNDA:3,(anonymous_2)
FNDA:12,(anonymous_3)
FNDA:86,(anonymous_4)
FNDA:137,(anonymous_5)
DA:12,3
DA:15,3
DA:20,3
DA:21,3
DA:28,0
DA:29,0
DA:30,0
DA:31,0
DA:32,0
DA:33,0
DA:34,0
DA:35,0
DA:36,0
DA:37,0
DA:38,0
DA:39,0
DA:40,0
DA:41,0
DA:42,0
DA:43,0
DA:44,0
DA:45,0
DA:46,0
DA:47,0
DA:48,0
DA:49,0
DA:50,0
DA:51,0
DA:52,0
DA:53,0
DA:54,0
DA:58,3
DA:62,12
DA:72,86
DA:73,74
DA:75,74
DA:76,74
DA:79,74
DA:80,74
DA:81,137
DA:84,74
DA:85,48
DA:87,26
LF:43
LH:16
BRDA:72,0,0,12
BRDA:72,0,1,74
BRDA:76,1,0,0
BRDA:76,1,1,74
BRDA:84,2,0,48
BRDA:84,2,1,26
BRDA:84,3,0,74
BRDA:84,3,1,36
BRF:8
BRH:7
end_of_record
TN:
SF:src/components/table.js
FN:7,(anonymous_0)
FN:19,(anonymous_1)
FN:24,(anonymous_2)
FN:28,(anonymous_3)
FNF:4
FNH:3
FNDA:5,(anonymous_0)
FNDA:0,(anonymous_1)
FNDA:8,(anonymous_2)
FNDA:8,(anonymous_3)
DA:8,5
DA:9,5
DA:10,5
DA:11,5
DA:20,0
DA:21,0
DA:25,8
DA:29,8
LF:8
LH:6
BRF:0
BRH:0
end_of_record
TN:
SF:src/constants/commandList.js
FNF:0
FNH:0
DA:7,4
LF:1
LH:1
BRF:0
BRH:0
end_of_record
TN:
SF:src/constants/directions.js
FNF:0
FNH:0
DA:5,4
LF:1
LH:1
BRF:0
BRH:0
end_of_record
TN:
SF:src/constants/errorMessages.js
FNF:0
FNH:0
DA:5,4
DA:6,4
DA:7,4
DA:8,4
DA:9,4
DA:10,4
DA:11,4
DA:12,4
DA:13,4
LF:9
LH:9
BRF:0
BRH:0
end_of_record
TN:
SF:src/constants/sides.js
FNF:0
FNH:0
DA:5,4
LF:1
LH:1
BRF:0
BRH:0
end_of_record
TN:
SF:src/store/store.js
FN:8,(anonymous_0)
FNF:1
FNH:1
FNDA:4,(anonymous_0)
DA:9,4
LF:1
LH:1
BRF:0
BRH:0
end_of_record
TN:
SF:src/store/storeReducer.js
FN:22,(anonymous_0)
FN:26,(anonymous_1)
FN:30,(anonymous_2)
FN:34,(anonymous_3)
FN:38,(anonymous_4)
FNF:5
FNH:4
FNDA:37,(anonymous_0)
FNDA:22,(anonymous_1)
FNDA:9,(anonymous_2)
FNDA:7,(anonymous_3)
FNDA:0,(anonymous_4)
DA:18,4
DA:23,37
DA:24,37
DA:27,22
DA:28,22
DA:31,9
DA:32,9
DA:35,7
DA:36,7
DA:39,0
DA:40,0
DA:41,0
DA:46,4
LF:13
LH:10
BRF:0
BRH:0
end_of_record
TN:
SF:src/validations/validations.js
FN:15,(anonymous_0)
FN:27,(anonymous_1)
FN:39,(anonymous_2)
FN:51,(anonymous_3)
FN:70,(anonymous_4)
FNF:5
FNH:5
FNDA:55,(anonymous_0)
FNDA:16,(anonymous_1)
FNDA:23,(anonymous_2)
FNDA:16,(anonymous_3)
FNDA:13,(anonymous_4)
DA:15,4
DA:16,55
DA:17,3
DA:18,3
DA:20,52
DA:27,4
DA:28,16
DA:29,3
DA:30,3
DA:32,13
DA:39,4
DA:40,23
DA:41,0
DA:42,0
DA:44,23
DA:51,4
DA:53,16
DA:55,16
DA:58,16
DA:59,4
DA:60,4
DA:63,12
DA:70,4
DA:71,13
DA:72,6
DA:73,6
DA:75,7
LF:27
LH:25
BRDA:16,0,0,3
BRDA:16,0,1,52
BRDA:16,1,0,55
BRDA:16,1,1,53
BRDA:16,1,2,53
BRDA:16,1,3,53
BRDA:28,2,0,3
BRDA:28,2,1,13
BRDA:40,3,0,0
BRDA:40,3,1,23
BRDA:53,4,0,0
BRDA:53,4,1,16
BRDA:58,5,0,4
BRDA:58,5,1,12
BRDA:58,6,0,16
BRDA:58,6,1,15
BRDA:58,6,2,12
BRDA:58,6,3,12
BRDA:71,7,0,6
BRDA:71,7,1,7
BRF:20
BRH:18
end_of_record
